Compiling the C compiler identification source file "CMakeCCompilerId.c" failed.
Compiler: /home/alexweiss/CLionProjects/pros_cross/bin/arm-none-eabi-gcc 
Build flags: 
Id flags:  

The output was:
1
/home/alexweiss/CLionProjects/pros_cross/bin/../lib/gcc/arm-none-eabi/8.2.1/../../../../arm-none-eabi/bin/ld: /home/alexweiss/CLionProjects/pros_cross/bin/../lib/gcc/arm-none-eabi/8.2.1/../../../../arm-none-eabi/lib/libc.a(lib_a-exit.o): in function `exit':
exit.c:(.text.exit+0x2c): undefined reference to `_exit'
collect2: error: ld returned 1 exit status


Compiling the CXX compiler identification source file "CMakeCXXCompilerId.cpp" failed.
Compiler: /home/alexweiss/CLionProjects/pros_cross/bin/arm-none-eabi-g++ 
Build flags: 
Id flags:  

The output was:
1
/home/alexweiss/CLionProjects/pros_cross/bin/../lib/gcc/arm-none-eabi/8.2.1/../../../../arm-none-eabi/bin/ld: /home/alexweiss/CLionProjects/pros_cross/bin/../lib/gcc/arm-none-eabi/8.2.1/../../../../arm-none-eabi/lib/libc.a(lib_a-exit.o): in function `exit':
exit.c:(.text.exit+0x2c): undefined reference to `_exit'
collect2: error: ld returned 1 exit status


Determining if the C compiler works failed with the following output:
Change Dir: /home/alexweiss/CLionProjects/7405M_code/cmake-build-debug/CMakeFiles/CMakeTmp

Run Build Command(s):/usr/bin/make cmTC_8f8b3/fast 
/usr/bin/make -f CMakeFiles/cmTC_8f8b3.dir/build.make CMakeFiles/cmTC_8f8b3.dir/build
make[1]: Entering directory '/home/alexweiss/CLionProjects/7405M_code/cmake-build-debug/CMakeFiles/CMakeTmp'
Building C object CMakeFiles/cmTC_8f8b3.dir/testCCompiler.c.o
/home/alexweiss/CLionProjects/pros_cross/bin/arm-none-eabi-gcc    -o CMakeFiles/cmTC_8f8b3.dir/testCCompiler.c.o   -c /home/alexweiss/CLionProjects/7405M_code/cmake-build-debug/CMakeFiles/CMakeTmp/testCCompiler.c
Linking C executable cmTC_8f8b3
/home/alexweiss/.local/share/JetBrains/Toolbox/apps/CLion/ch-0/192.6262.62/bin/cmake/linux/bin/cmake -E cmake_link_script CMakeFiles/cmTC_8f8b3.dir/link.txt --verbose=1
/home/alexweiss/CLionProjects/pros_cross/bin/arm-none-eabi-gcc      CMakeFiles/cmTC_8f8b3.dir/testCCompiler.c.o  -o cmTC_8f8b3 
/home/alexweiss/CLionProjects/pros_cross/bin/../lib/gcc/arm-none-eabi/8.2.1/../../../../arm-none-eabi/bin/ld: /home/alexweiss/CLionProjects/pros_cross/bin/../lib/gcc/arm-none-eabi/8.2.1/../../../../arm-none-eabi/lib/libc.a(lib_a-exit.o): in function `exit':
exit.c:(.text.exit+0x2c): undefined reference to `_exit'
collect2: error: ld returned 1 exit status
make[1]: *** [CMakeFiles/cmTC_8f8b3.dir/build.make:87: cmTC_8f8b3] Error 1
make[1]: Leaving directory '/home/alexweiss/CLionProjects/7405M_code/cmake-build-debug/CMakeFiles/CMakeTmp'
make: *** [Makefile:121: cmTC_8f8b3/fast] Error 2


Compiling the C compiler identification source file "CMakeCCompilerId.c" failed.
Compiler: /home/alexweiss/CLionProjects/pros_cross/bin/arm-none-eabi-gcc 
Build flags: 
Id flags:  

The output was:
1
/home/alexweiss/CLionProjects/pros_cross/bin/../lib/gcc/arm-none-eabi/8.2.1/../../../../arm-none-eabi/bin/ld: /home/alexweiss/CLionProjects/pros_cross/bin/../lib/gcc/arm-none-eabi/8.2.1/../../../../arm-none-eabi/lib/libc.a(lib_a-exit.o): in function `exit':
exit.c:(.text.exit+0x2c): undefined reference to `_exit'
collect2: error: ld returned 1 exit status


Compiling the CXX compiler identification source file "CMakeCXXCompilerId.cpp" failed.
Compiler: /home/alexweiss/CLionProjects/pros_cross/bin/arm-none-eabi-g++ 
Build flags: 
Id flags:  

The output was:
1
/home/alexweiss/CLionProjects/pros_cross/bin/../lib/gcc/arm-none-eabi/8.2.1/../../../../arm-none-eabi/bin/ld: /home/alexweiss/CLionProjects/pros_cross/bin/../lib/gcc/arm-none-eabi/8.2.1/../../../../arm-none-eabi/lib/libc.a(lib_a-exit.o): in function `exit':
exit.c:(.text.exit+0x2c): undefined reference to `_exit'
collect2: error: ld returned 1 exit status


Determining if the C compiler works failed with the following output:
Change Dir: /home/alexweiss/CLionProjects/7405M_code/cmake-build-debug/CMakeFiles/CMakeTmp

Run Build Command(s):/usr/bin/make cmTC_808bc/fast 
/usr/bin/make -f CMakeFiles/cmTC_808bc.dir/build.make CMakeFiles/cmTC_808bc.dir/build
make[1]: Entering directory '/home/alexweiss/CLionProjects/7405M_code/cmake-build-debug/CMakeFiles/CMakeTmp'
Building C object CMakeFiles/cmTC_808bc.dir/testCCompiler.c.o
/home/alexweiss/CLionProjects/pros_cross/bin/arm-none-eabi-gcc    -o CMakeFiles/cmTC_808bc.dir/testCCompiler.c.o   -c /home/alexweiss/CLionProjects/7405M_code/cmake-build-debug/CMakeFiles/CMakeTmp/testCCompiler.c
Linking C executable cmTC_808bc
/home/alexweiss/.local/share/JetBrains/Toolbox/apps/CLion/ch-0/192.6262.62/bin/cmake/linux/bin/cmake -E cmake_link_script CMakeFiles/cmTC_808bc.dir/link.txt --verbose=1
/home/alexweiss/CLionProjects/pros_cross/bin/arm-none-eabi-gcc      CMakeFiles/cmTC_808bc.dir/testCCompiler.c.o  -o cmTC_808bc 
/home/alexweiss/CLionProjects/pros_cross/bin/../lib/gcc/arm-none-eabi/8.2.1/../../../../arm-none-eabi/bin/ld: /home/alexweiss/CLionProjects/pros_cross/bin/../lib/gcc/arm-none-eabi/8.2.1/../../../../arm-none-eabi/lib/libc.a(lib_a-exit.o): in function `exit':
exit.c:(.text.exit+0x2c): undefined reference to `_exit'
collect2: error: ld returned 1 exit status
make[1]: *** [CMakeFiles/cmTC_808bc.dir/build.make:87: cmTC_808bc] Error 1
make[1]: Leaving directory '/home/alexweiss/CLionProjects/7405M_code/cmake-build-debug/CMakeFiles/CMakeTmp'
make: *** [Makefile:121: cmTC_808bc/fast] Error 2


Compiling the C compiler identification source file "CMakeCCompilerId.c" failed.
Compiler: /home/alexweiss/CLionProjects/pros_cross/bin/arm-none-eabi-gcc 
Build flags: 
Id flags:  

The output was:
1
/home/alexweiss/CLionProjects/pros_cross/bin/../lib/gcc/arm-none-eabi/8.2.1/../../../../arm-none-eabi/bin/ld: /home/alexweiss/CLionProjects/pros_cross/bin/../lib/gcc/arm-none-eabi/8.2.1/../../../../arm-none-eabi/lib/libc.a(lib_a-exit.o): in function `exit':
exit.c:(.text.exit+0x2c): undefined reference to `_exit'
collect2: error: ld returned 1 exit status


Compiling the CXX compiler identification source file "CMakeCXXCompilerId.cpp" failed.
Compiler: /home/alexweiss/CLionProjects/pros_cross/bin/arm-none-eabi-g++ 
Build flags: 
Id flags:  

The output was:
1
/home/alexweiss/CLionProjects/pros_cross/bin/../lib/gcc/arm-none-eabi/8.2.1/../../../../arm-none-eabi/bin/ld: /home/alexweiss/CLionProjects/pros_cross/bin/../lib/gcc/arm-none-eabi/8.2.1/../../../../arm-none-eabi/lib/libc.a(lib_a-exit.o): in function `exit':
exit.c:(.text.exit+0x2c): undefined reference to `_exit'
collect2: error: ld returned 1 exit status


Determining if the C compiler works failed with the following output:
Change Dir: /home/alexweiss/CLionProjects/7405M_code/cmake-build-debug/CMakeFiles/CMakeTmp

Run Build Command(s):/usr/bin/make cmTC_c012f/fast 
/usr/bin/make -f CMakeFiles/cmTC_c012f.dir/build.make CMakeFiles/cmTC_c012f.dir/build
make[1]: Entering directory '/home/alexweiss/CLionProjects/7405M_code/cmake-build-debug/CMakeFiles/CMakeTmp'
Building C object CMakeFiles/cmTC_c012f.dir/testCCompiler.c.o
/home/alexweiss/CLionProjects/pros_cross/bin/arm-none-eabi-gcc    -o CMakeFiles/cmTC_c012f.dir/testCCompiler.c.o   -c /home/alexweiss/CLionProjects/7405M_code/cmake-build-debug/CMakeFiles/CMakeTmp/testCCompiler.c
Linking C executable cmTC_c012f
/home/alexweiss/.local/share/JetBrains/Toolbox/apps/CLion/ch-0/192.6262.62/bin/cmake/linux/bin/cmake -E cmake_link_script CMakeFiles/cmTC_c012f.dir/link.txt --verbose=1
/home/alexweiss/CLionProjects/pros_cross/bin/arm-none-eabi-gcc      CMakeFiles/cmTC_c012f.dir/testCCompiler.c.o  -o cmTC_c012f 
/home/alexweiss/CLionProjects/pros_cross/bin/../lib/gcc/arm-none-eabi/8.2.1/../../../../arm-none-eabi/bin/ld: /home/alexweiss/CLionProjects/pros_cross/bin/../lib/gcc/arm-none-eabi/8.2.1/../../../../arm-none-eabi/lib/libc.a(lib_a-exit.o): in function `exit':
exit.c:(.text.exit+0x2c): undefined reference to `_exit'
collect2: error: ld returned 1 exit status
make[1]: *** [CMakeFiles/cmTC_c012f.dir/build.make:87: cmTC_c012f] Error 1
make[1]: Leaving directory '/home/alexweiss/CLionProjects/7405M_code/cmake-build-debug/CMakeFiles/CMakeTmp'
make: *** [Makefile:121: cmTC_c012f/fast] Error 2


